\BOOKMARK [0][-]{chapter.1}{\376\377\0001\000\040\000C\000o\000m\000p\000u\000t\000a\000t\000i\000o\000n\000\040\000o\000f\000\040\000t\000h\000e\000\040\000M\000P\0002\000\040\000e\000n\000e\000r\000g\000y}{}% 1
\BOOKMARK [1][-]{section.1.1}{\376\377\0001\000.\0001\000\040\000T\000h\000e\000o\000r\000y}{chapter.1}% 2
\BOOKMARK [1][-]{section.1.2}{\376\377\0001\000.\0002\000\040\000D\000e\000p\000e\000n\000d\000e\000n\000c\000i\000e\000s}{chapter.1}% 3
\BOOKMARK [2][-]{subsection.1.2.1}{\376\377\0001\000.\0002\000.\0001\000\040\000H\000D\000F\0005}{section.1.2}% 4
\BOOKMARK [2][-]{subsection.1.2.2}{\376\377\0001\000.\0002\000.\0002\000\040\000T\000R\000E\000X\000I\000O}{section.1.2}% 5
\BOOKMARK [1][-]{section.1.3}{\376\377\0001\000.\0003\000\040\000I\000n\000s\000t\000a\000l\000l\000a\000t\000i\000o\000n\000\040\000a\000n\000d\000\040\000u\000s\000a\000g\000e}{chapter.1}% 6
\BOOKMARK [1][-]{section.1.4}{\376\377\0001\000.\0004\000\040\000E\000x\000a\000m\000p\000l\000e}{chapter.1}% 7
\BOOKMARK [0][-]{chapter.2}{\376\377\0002\000\040\000I\000n\000s\000t\000a\000l\000l\000a\000t\000i\000o\000n}{}% 8
\BOOKMARK [0][-]{chapter.3}{\376\377\0003\000\040\000C\000l\000a\000s\000s\000\040\000I\000n\000d\000e\000x}{}% 9
\BOOKMARK [1][-]{section.3.1}{\376\377\0003\000.\0001\000\040\000C\000l\000a\000s\000s\000\040\000L\000i\000s\000t}{chapter.3}% 10
\BOOKMARK [0][-]{chapter.4}{\376\377\0004\000\040\000F\000i\000l\000e\000\040\000I\000n\000d\000e\000x}{}% 11
\BOOKMARK [1][-]{section.4.1}{\376\377\0004\000.\0001\000\040\000F\000i\000l\000e\000\040\000L\000i\000s\000t}{chapter.4}% 12
\BOOKMARK [0][-]{chapter.5}{\376\377\0005\000\040\000C\000l\000a\000s\000s\000\040\000D\000o\000c\000u\000m\000e\000n\000t\000a\000t\000i\000o\000n}{}% 13
\BOOKMARK [1][-]{section.5.1}{\376\377\0005\000.\0001\000\040\000M\000o\000l\000\040\000S\000t\000r\000u\000c\000t\000\040\000R\000e\000f\000e\000r\000e\000n\000c\000e}{chapter.5}% 14
\BOOKMARK [2][-]{subsection.5.1.1}{\376\377\0005\000.\0001\000.\0001\000\040\000D\000e\000t\000a\000i\000l\000e\000d\000\040\000D\000e\000s\000c\000r\000i\000p\000t\000i\000o\000n}{section.5.1}% 15
\BOOKMARK [0][-]{chapter.6}{\376\377\0006\000\040\000F\000i\000l\000e\000\040\000D\000o\000c\000u\000m\000e\000n\000t\000a\000t\000i\000o\000n}{}% 16
\BOOKMARK [1][-]{section.6.1}{\376\377\0006\000.\0001\000\040\000s\000r\000c\000/\000h\000f\000.\000c\000\040\000F\000i\000l\000e\000\040\000R\000e\000f\000e\000r\000e\000n\000c\000e}{chapter.6}% 17
\BOOKMARK [1][-]{section.6.2}{\376\377\0006\000.\0002\000\040\000s\000r\000c\000/\000h\000f\000.\000h\000\040\000F\000i\000l\000e\000\040\000R\000e\000f\000e\000r\000e\000n\000c\000e}{chapter.6}% 18
\BOOKMARK [2][-]{subsection.6.2.1}{\376\377\0006\000.\0002\000.\0001\000\040\000D\000e\000t\000a\000i\000l\000e\000d\000\040\000D\000e\000s\000c\000r\000i\000p\000t\000i\000o\000n}{section.6.2}% 19
\BOOKMARK [2][-]{subsection.6.2.2}{\376\377\0006\000.\0002\000.\0002\000\040\000F\000u\000n\000c\000t\000i\000o\000n\000\040\000D\000o\000c\000u\000m\000e\000n\000t\000a\000t\000i\000o\000n}{section.6.2}% 20
\BOOKMARK [3][-]{subsubsection.6.2.2.1}{\376\377\0006\000.\0002\000.\0002\000.\0001\000\040\000g\000e\000t\000\137\000e\000r\000i\000\137\000s\000u\000m\000\050\000\051}{subsection.6.2.2}% 21
\BOOKMARK [3][-]{subsubsection.6.2.2.2}{\376\377\0006\000.\0002\000.\0002\000.\0002\000\040\000g\000e\000t\000\137\000h\000c\000o\000r\000e\000\137\000s\000u\000m\000\050\000\051}{subsection.6.2.2}% 22
\BOOKMARK [3][-]{subsubsection.6.2.2.3}{\376\377\0006\000.\0002\000.\0002\000.\0003\000\040\000h\000f\000\137\000k\000e\000r\000n\000e\000l\000\050\000\051}{subsection.6.2.2}% 23
\BOOKMARK [3][-]{subsubsection.6.2.2.4}{\376\377\0006\000.\0002\000.\0002\000.\0004\000\040\000m\000a\000t\000c\000h\000\137\000e\000r\000i\000\050\000\051}{subsection.6.2.2}% 24
\BOOKMARK [1][-]{section.6.3}{\376\377\0006\000.\0003\000\040\000h\000f\000.\000h}{chapter.6}% 25
\BOOKMARK [1][-]{section.6.4}{\376\377\0006\000.\0004\000\040\000s\000r\000c\000/\000m\000a\000i\000n\000.\000c\000\040\000F\000i\000l\000e\000\040\000R\000e\000f\000e\000r\000e\000n\000c\000e}{chapter.6}% 26
\BOOKMARK [2][-]{subsection.6.4.1}{\376\377\0006\000.\0004\000.\0001\000\040\000D\000e\000t\000a\000i\000l\000e\000d\000\040\000D\000e\000s\000c\000r\000i\000p\000t\000i\000o\000n}{section.6.4}% 27
\BOOKMARK [1][-]{section.6.5}{\376\377\0006\000.\0005\000\040\000s\000r\000c\000/\000m\000o\000l\000.\000c\000\040\000F\000i\000l\000e\000\040\000R\000e\000f\000e\000r\000e\000n\000c\000e}{chapter.6}% 28
\BOOKMARK [2][-]{subsection.6.5.1}{\376\377\0006\000.\0005\000.\0001\000\040\000D\000e\000t\000a\000i\000l\000e\000d\000\040\000D\000e\000s\000c\000r\000i\000p\000t\000i\000o\000n}{section.6.5}% 29
\BOOKMARK [2][-]{subsection.6.5.2}{\376\377\0006\000.\0005\000.\0002\000\040\000F\000u\000n\000c\000t\000i\000o\000n\000\040\000D\000o\000c\000u\000m\000e\000n\000t\000a\000t\000i\000o\000n}{section.6.5}% 30
\BOOKMARK [3][-]{subsubsection.6.5.2.1}{\376\377\0006\000.\0005\000.\0002\000.\0001\000\040\000g\000e\000n\000\137\000e\000r\000i\000\137\000i\000n\000d\000e\000x\000\050\000\051}{subsection.6.5.2}% 31
\BOOKMARK [3][-]{subsubsection.6.5.2.2}{\376\377\0006\000.\0005\000.\0002\000.\0002\000\040\000g\000e\000t\000\137\000e\000r\000i\000\137\000e\000n\000e\000r\000g\000y\000\050\000\051}{subsection.6.5.2}% 32
\BOOKMARK [3][-]{subsubsection.6.5.2.3}{\376\377\0006\000.\0005\000.\0002\000.\0003\000\040\000g\000e\000t\000\137\000n\000t\000h\000\137\000e\000r\000i\000\050\000\051}{subsection.6.5.2}% 33
\BOOKMARK [3][-]{subsubsection.6.5.2.4}{\376\377\0006\000.\0005\000.\0002\000.\0004\000\040\000m\000o\000l\000\137\000d\000e\000s\000t\000r\000u\000c\000t\000\050\000\051}{subsection.6.5.2}% 34
\BOOKMARK [3][-]{subsubsection.6.5.2.5}{\376\377\0006\000.\0005\000.\0002\000.\0005\000\040\000m\000o\000l\000\137\000i\000n\000i\000t\000\050\000\051}{subsection.6.5.2}% 35
\BOOKMARK [1][-]{section.6.6}{\376\377\0006\000.\0006\000\040\000s\000r\000c\000/\000m\000o\000l\000.\000h\000\040\000F\000i\000l\000e\000\040\000R\000e\000f\000e\000r\000e\000n\000c\000e}{chapter.6}% 36
\BOOKMARK [2][-]{subsection.6.6.1}{\376\377\0006\000.\0006\000.\0001\000\040\000D\000e\000t\000a\000i\000l\000e\000d\000\040\000D\000e\000s\000c\000r\000i\000p\000t\000i\000o\000n}{section.6.6}% 37
\BOOKMARK [2][-]{subsection.6.6.2}{\376\377\0006\000.\0006\000.\0002\000\040\000F\000u\000n\000c\000t\000i\000o\000n\000\040\000D\000o\000c\000u\000m\000e\000n\000t\000a\000t\000i\000o\000n}{section.6.6}% 38
\BOOKMARK [3][-]{subsubsection.6.6.2.1}{\376\377\0006\000.\0006\000.\0002\000.\0001\000\040\000g\000e\000n\000\137\000e\000r\000i\000\137\000i\000n\000d\000e\000x\000\050\000\051}{subsection.6.6.2}% 39
\BOOKMARK [3][-]{subsubsection.6.6.2.2}{\376\377\0006\000.\0006\000.\0002\000.\0002\000\040\000g\000e\000t\000\137\000e\000r\000i\000\137\000e\000n\000e\000r\000g\000y\000\050\000\051}{subsection.6.6.2}% 40
\BOOKMARK [3][-]{subsubsection.6.6.2.3}{\376\377\0006\000.\0006\000.\0002\000.\0003\000\040\000g\000e\000t\000\137\000n\000t\000h\000\137\000e\000r\000i\000\050\000\051}{subsection.6.6.2}% 41
\BOOKMARK [3][-]{subsubsection.6.6.2.4}{\376\377\0006\000.\0006\000.\0002\000.\0004\000\040\000m\000o\000l\000\137\000d\000e\000s\000t\000r\000u\000c\000t\000\050\000\051}{subsection.6.6.2}% 42
\BOOKMARK [3][-]{subsubsection.6.6.2.5}{\376\377\0006\000.\0006\000.\0002\000.\0005\000\040\000m\000o\000l\000\137\000i\000n\000i\000t\000\050\000\051}{subsection.6.6.2}% 43
\BOOKMARK [1][-]{section.6.7}{\376\377\0006\000.\0007\000\040\000m\000o\000l\000.\000h}{chapter.6}% 44
\BOOKMARK [1][-]{section.6.8}{\376\377\0006\000.\0008\000\040\000s\000r\000c\000/\000m\000p\0002\000.\000c\000\040\000F\000i\000l\000e\000\040\000R\000e\000f\000e\000r\000e\000n\000c\000e}{chapter.6}% 45
\BOOKMARK [2][-]{subsection.6.8.1}{\376\377\0006\000.\0008\000.\0001\000\040\000D\000e\000t\000a\000i\000l\000e\000d\000\040\000D\000e\000s\000c\000r\000i\000p\000t\000i\000o\000n}{section.6.8}% 46
\BOOKMARK [2][-]{subsection.6.8.2}{\376\377\0006\000.\0008\000.\0002\000\040\000F\000u\000n\000c\000t\000i\000o\000n\000\040\000D\000o\000c\000u\000m\000e\000n\000t\000a\000t\000i\000o\000n}{section.6.8}% 47
\BOOKMARK [3][-]{subsubsection.6.8.2.1}{\376\377\0006\000.\0008\000.\0002\000.\0001\000\040\000c\000a\000l\000\137\000m\000p\0002\000\137\000c\000o\000r\000r\000e\000l\000a\000t\000i\000o\000n\000\050\000\051}{subsection.6.8.2}% 48
\BOOKMARK [1][-]{section.6.9}{\376\377\0006\000.\0009\000\040\000s\000r\000c\000/\000m\000p\0002\000.\000h\000\040\000F\000i\000l\000e\000\040\000R\000e\000f\000e\000r\000e\000n\000c\000e}{chapter.6}% 49
\BOOKMARK [2][-]{subsection.6.9.1}{\376\377\0006\000.\0009\000.\0001\000\040\000D\000e\000t\000a\000i\000l\000e\000d\000\040\000D\000e\000s\000c\000r\000i\000p\000t\000i\000o\000n}{section.6.9}% 50
\BOOKMARK [2][-]{subsection.6.9.2}{\376\377\0006\000.\0009\000.\0002\000\040\000F\000u\000n\000c\000t\000i\000o\000n\000\040\000D\000o\000c\000u\000m\000e\000n\000t\000a\000t\000i\000o\000n}{section.6.9}% 51
\BOOKMARK [3][-]{subsubsection.6.9.2.1}{\376\377\0006\000.\0009\000.\0002\000.\0001\000\040\000c\000a\000l\000\137\000m\000p\0002\000\137\000c\000o\000r\000r\000e\000l\000a\000t\000i\000o\000n\000\050\000\051}{subsection.6.9.2}% 52
\BOOKMARK [1][-]{section.6.10}{\376\377\0006\000.\0001\0000\000\040\000m\000p\0002\000.\000h}{chapter.6}% 53
\BOOKMARK [1][-]{section.6.11}{\376\377\0006\000.\0001\0001\000\040\000s\000r\000c\000/\000r\000e\000a\000d\000e\000r\000.\000c\000\040\000F\000i\000l\000e\000\040\000R\000e\000f\000e\000r\000e\000n\000c\000e}{chapter.6}% 54
\BOOKMARK [2][-]{subsection.6.11.1}{\376\377\0006\000.\0001\0001\000.\0001\000\040\000D\000e\000t\000a\000i\000l\000e\000d\000\040\000D\000e\000s\000c\000r\000i\000p\000t\000i\000o\000n}{section.6.11}% 55
\BOOKMARK [2][-]{subsection.6.11.2}{\376\377\0006\000.\0001\0001\000.\0002\000\040\000F\000u\000n\000c\000t\000i\000o\000n\000\040\000D\000o\000c\000u\000m\000e\000n\000t\000a\000t\000i\000o\000n}{section.6.11}% 56
\BOOKMARK [3][-]{subsubsection.6.11.2.1}{\376\377\0006\000.\0001\0001\000.\0002\000.\0001\000\040\000r\000e\000a\000d\000\137\000e\000l\000e\000c\000t\000r\000o\000n\000\137\000u\000p\000\137\000n\000u\000m\000\050\000\051}{subsection.6.11.2}% 57
\BOOKMARK [3][-]{subsubsection.6.11.2.2}{\376\377\0006\000.\0001\0001\000.\0002\000.\0002\000\040\000r\000e\000a\000d\000\137\000m\000o\000\137\0001\000e\000\137\000i\000n\000t\000\137\000h\000\137\000c\000o\000r\000e\000\050\000\051}{subsection.6.11.2}% 58
\BOOKMARK [3][-]{subsubsection.6.11.2.3}{\376\377\0006\000.\0001\0001\000.\0002\000.\0003\000\040\000r\000e\000a\000d\000\137\000m\000o\000\137\0002\000e\000\137\000i\000n\000t\000\137\000e\000r\000i\000\050\000\051}{subsection.6.11.2}% 59
\BOOKMARK [3][-]{subsubsection.6.11.2.4}{\376\377\0006\000.\0001\0001\000.\0002\000.\0004\000\040\000r\000e\000a\000d\000\137\000m\000o\000\137\0002\000e\000\137\000i\000n\000t\000\137\000e\000r\000i\000\137\000s\000i\000z\000e\000\050\000\051}{subsection.6.11.2}% 60
\BOOKMARK [3][-]{subsubsection.6.11.2.5}{\376\377\0006\000.\0001\0001\000.\0002\000.\0005\000\040\000r\000e\000a\000d\000\137\000m\000o\000\137\000e\000n\000e\000r\000g\000y\000\050\000\051}{subsection.6.11.2}% 61
\BOOKMARK [3][-]{subsubsection.6.11.2.6}{\376\377\0006\000.\0001\0001\000.\0002\000.\0006\000\040\000r\000e\000a\000d\000\137\000m\000o\000\137\000n\000u\000m\000\050\000\051}{subsection.6.11.2}% 62
\BOOKMARK [3][-]{subsubsection.6.11.2.7}{\376\377\0006\000.\0001\0001\000.\0002\000.\0007\000\040\000r\000e\000a\000d\000\137\000n\000u\000c\000l\000e\000u\000s\000\137\000r\000e\000p\000u\000l\000s\000i\000o\000n\000\050\000\051}{subsection.6.11.2}% 63
\BOOKMARK [1][-]{section.6.12}{\376\377\0006\000.\0001\0002\000\040\000s\000r\000c\000/\000r\000e\000a\000d\000e\000r\000.\000h\000\040\000F\000i\000l\000e\000\040\000R\000e\000f\000e\000r\000e\000n\000c\000e}{chapter.6}% 64
\BOOKMARK [2][-]{subsection.6.12.1}{\376\377\0006\000.\0001\0002\000.\0001\000\040\000D\000e\000t\000a\000i\000l\000e\000d\000\040\000D\000e\000s\000c\000r\000i\000p\000t\000i\000o\000n}{section.6.12}% 65
\BOOKMARK [2][-]{subsection.6.12.2}{\376\377\0006\000.\0001\0002\000.\0002\000\040\000F\000u\000n\000c\000t\000i\000o\000n\000\040\000D\000o\000c\000u\000m\000e\000n\000t\000a\000t\000i\000o\000n}{section.6.12}% 66
\BOOKMARK [3][-]{subsubsection.6.12.2.1}{\376\377\0006\000.\0001\0002\000.\0002\000.\0001\000\040\000r\000e\000a\000d\000\137\000e\000l\000e\000c\000t\000r\000o\000n\000\137\000u\000p\000\137\000n\000u\000m\000\050\000\051}{subsection.6.12.2}% 67
\BOOKMARK [3][-]{subsubsection.6.12.2.2}{\376\377\0006\000.\0001\0002\000.\0002\000.\0002\000\040\000r\000e\000a\000d\000\137\000m\000o\000\137\0001\000e\000\137\000i\000n\000t\000\137\000h\000\137\000c\000o\000r\000e\000\050\000\051}{subsection.6.12.2}% 68
\BOOKMARK [3][-]{subsubsection.6.12.2.3}{\376\377\0006\000.\0001\0002\000.\0002\000.\0003\000\040\000r\000e\000a\000d\000\137\000m\000o\000\137\0002\000e\000\137\000i\000n\000t\000\137\000e\000r\000i\000\050\000\051}{subsection.6.12.2}% 69
\BOOKMARK [3][-]{subsubsection.6.12.2.4}{\376\377\0006\000.\0001\0002\000.\0002\000.\0004\000\040\000r\000e\000a\000d\000\137\000m\000o\000\137\0002\000e\000\137\000i\000n\000t\000\137\000e\000r\000i\000\137\000s\000i\000z\000e\000\050\000\051}{subsection.6.12.2}% 70
\BOOKMARK [3][-]{subsubsection.6.12.2.5}{\376\377\0006\000.\0001\0002\000.\0002\000.\0005\000\040\000r\000e\000a\000d\000\137\000m\000o\000\137\000e\000n\000e\000r\000g\000y\000\050\000\051}{subsection.6.12.2}% 71
\BOOKMARK [3][-]{subsubsection.6.12.2.6}{\376\377\0006\000.\0001\0002\000.\0002\000.\0006\000\040\000r\000e\000a\000d\000\137\000m\000o\000\137\000n\000u\000m\000\050\000\051}{subsection.6.12.2}% 72
\BOOKMARK [3][-]{subsubsection.6.12.2.7}{\376\377\0006\000.\0001\0002\000.\0002\000.\0007\000\040\000r\000e\000a\000d\000\137\000n\000u\000c\000l\000e\000u\000s\000\137\000r\000e\000p\000u\000l\000s\000i\000o\000n\000\050\000\051}{subsection.6.12.2}% 73
\BOOKMARK [1][-]{section.6.13}{\376\377\0006\000.\0001\0003\000\040\000r\000e\000a\000d\000e\000r\000.\000h}{chapter.6}% 74
\BOOKMARK [1][-]{section.6.14}{\376\377\0006\000.\0001\0004\000\040\000s\000r\000c\000/\000u\000t\000i\000l\000.\000c\000\040\000F\000i\000l\000e\000\040\000R\000e\000f\000e\000r\000e\000n\000c\000e}{chapter.6}% 75
\BOOKMARK [2][-]{subsection.6.14.1}{\376\377\0006\000.\0001\0004\000.\0001\000\040\000D\000e\000t\000a\000i\000l\000e\000d\000\040\000D\000e\000s\000c\000r\000i\000p\000t\000i\000o\000n}{section.6.14}% 76
\BOOKMARK [2][-]{subsection.6.14.2}{\376\377\0006\000.\0001\0004\000.\0002\000\040\000F\000u\000n\000c\000t\000i\000o\000n\000\040\000D\000o\000c\000u\000m\000e\000n\000t\000a\000t\000i\000o\000n}{section.6.14}% 77
\BOOKMARK [3][-]{subsubsection.6.14.2.1}{\376\377\0006\000.\0001\0004\000.\0002\000.\0001\000\040\000i\000n\000d\000e\000x\000\137\0002\000e\000\050\000\051}{subsection.6.14.2}% 78
\BOOKMARK [3][-]{subsubsection.6.14.2.2}{\376\377\0006\000.\0001\0004\000.\0002\000.\0002\000\040\000p\000r\000i\000n\000t\000\137\000m\000a\000t\000r\000i\000x\000\050\000\051}{subsection.6.14.2}% 79
\BOOKMARK [3][-]{subsubsection.6.14.2.3}{\376\377\0006\000.\0001\0004\000.\0002\000.\0003\000\040\000s\000u\000m\000\137\000d\000i\000a\000g\000\050\000\051}{subsection.6.14.2}% 80
\BOOKMARK [1][-]{section.6.15}{\376\377\0006\000.\0001\0005\000\040\000s\000r\000c\000/\000u\000t\000i\000l\000.\000h\000\040\000F\000i\000l\000e\000\040\000R\000e\000f\000e\000r\000e\000n\000c\000e}{chapter.6}% 81
\BOOKMARK [2][-]{subsection.6.15.1}{\376\377\0006\000.\0001\0005\000.\0001\000\040\000D\000e\000t\000a\000i\000l\000e\000d\000\040\000D\000e\000s\000c\000r\000i\000p\000t\000i\000o\000n}{section.6.15}% 82
\BOOKMARK [2][-]{subsection.6.15.2}{\376\377\0006\000.\0001\0005\000.\0002\000\040\000F\000u\000n\000c\000t\000i\000o\000n\000\040\000D\000o\000c\000u\000m\000e\000n\000t\000a\000t\000i\000o\000n}{section.6.15}% 83
\BOOKMARK [3][-]{subsubsection.6.15.2.1}{\376\377\0006\000.\0001\0005\000.\0002\000.\0001\000\040\000i\000n\000d\000e\000x\000\137\0002\000e\000\050\000\051}{subsection.6.15.2}% 84
\BOOKMARK [3][-]{subsubsection.6.15.2.2}{\376\377\0006\000.\0001\0005\000.\0002\000.\0002\000\040\000p\000r\000i\000n\000t\000\137\000m\000a\000t\000r\000i\000x\000\050\000\051}{subsection.6.15.2}% 85
\BOOKMARK [3][-]{subsubsection.6.15.2.3}{\376\377\0006\000.\0001\0005\000.\0002\000.\0003\000\040\000s\000u\000m\000\137\000d\000i\000a\000g\000\050\000\051}{subsection.6.15.2}% 86
\BOOKMARK [1][-]{section.6.16}{\376\377\0006\000.\0001\0006\000\040\000u\000t\000i\000l\000.\000h}{chapter.6}% 87
\BOOKMARK [0][-]{section*.14}{\376\377\000I\000n\000d\000e\000x}{}% 88
